<?xml version="1.0" encoding="UTF-8"?>
<!-- Generated by org.testng.reporters.JUnitXMLReporter -->
<testsuite hostname="L0427" ignored="0" tests="3" failures="1" timestamp="2021-07-03T09:59:18 CEST" time="21.037" errors="0">
  <testcase name="LogIn" time="5.238" classname="PersonalInfoTest">
    <failure type="java.lang.AssertionError" message="The following asserts failed:
	The title is incorrect expected [true] but found [false]">
      <![CDATA[java.lang.AssertionError: The following asserts failed:
The title is incorrect expected [true] but found [false]
at PersonalInfoTest.LogIn(PersonalInfoTest.java:59)
at java.util.ArrayList.forEach(ArrayList.java:1257)
... Removed 33 stack frames]]>
    </failure>
  </testcase> <!-- LogIn -->
  <testcase name="PersonalInfo" time="7.657" classname="PersonalInfoTest"/>
  <testcase name="LogOut" time="1.033" classname="PersonalInfoTest"/>
</testsuite>
