<?xml version="1.0" encoding="UTF-8"?>
<!-- Generated by org.testng.reporters.JUnitXMLReporter -->
<testsuite ignored="0" hostname="L0427" failures="1" tests="3" name="HRProject" time="21.59" errors="0" timestamp="2021-07-07T16:57:44 CEST">
  <testcase classname="PersonalInfoTest" name="LogIn" time="5.703">
    <failure type="java.lang.AssertionError" message="The following asserts failed:
	The title is incorrect expected [true] but found [false]">
      <![CDATA[java.lang.AssertionError: The following asserts failed:
The title is incorrect expected [true] but found [false]
at PersonalInfoTest.LogIn(PersonalInfoTest.java:59)
at java.base/java.util.ArrayList.forEach(ArrayList.java:1541)
at com.intellij.rt.testng.IDEARemoteTestNG.run(IDEARemoteTestNG.java:66)
at com.intellij.rt.testng.RemoteTestNGStarter.main(RemoteTestNGStarter.java:109)
... Removed 26 stack frames]]>
    </failure>
  </testcase> <!-- LogIn -->
  <testcase classname="PersonalInfoTest" name="PersonalInfo" time="6.981"/>
  <testcase classname="PersonalInfoTest" name="LogOut" time="1.001"/>
</testsuite> <!-- HRProject -->
